<?xml version="1.0" encoding="UTF-8"?>
<!-- Generated by org.testng.reporters.JUnitReportReporter -->
<testsuite skipped="0" hostname="DESKTOP-PCEHKV8" name="com.qa.test.Login" tests="1" failures="0" timestamp="07 Apr 2020 08:22:59 GMT" time="4.631" errors="0">
  <testcase name="loginTest" time="4.631" classname="com.qa.test.Login"/>
</testsuite> <!-- com.qa.test.Login -->
