<?xml version="1.0" encoding="UTF-8"?>
<testsuite xmlns:xsi="http://www.w3.org/2001/XMLSchema-instance" xsi:noNamespaceSchemaLocation="https://maven.apache.org/surefire/maven-surefire-plugin/xsd/surefire-test-report-3.0.xsd" version="3.0" name="TestSuite" time="19.612" tests="1" errors="0" skipped="0" failures="0">
  <properties>
    <property name="sun.desktop" value="windows"/>
    <property name="awt.toolkit" value="sun.awt.windows.WToolkit"/>
    <property name="file.encoding.pkg" value="sun.io"/>
    <property name="java.specification.version" value="1.8"/>
    <property name="sun.cpu.isalist" value="amd64"/>
    <property name="sun.jnu.encoding" value="Cp1252"/>
    <property name="java.class.path" value="D:\myLocalGitRepository\Exercise1\target\test-classes;D:\myLocalGitRepository\Exercise1\target\classes;C:\Users\PRAWIN\.m2\repository\org\seleniumhq\selenium\selenium-java\3.141.59\selenium-java-3.141.59.jar;C:\Users\PRAWIN\.m2\repository\org\seleniumhq\selenium\selenium-api\3.141.59\selenium-api-3.141.59.jar;C:\Users\PRAWIN\.m2\repository\org\seleniumhq\selenium\selenium-chrome-driver\3.141.59\selenium-chrome-driver-3.141.59.jar;C:\Users\PRAWIN\.m2\repository\org\seleniumhq\selenium\selenium-edge-driver\3.141.59\selenium-edge-driver-3.141.59.jar;C:\Users\PRAWIN\.m2\repository\org\seleniumhq\selenium\selenium-firefox-driver\3.141.59\selenium-firefox-driver-3.141.59.jar;C:\Users\PRAWIN\.m2\repository\org\seleniumhq\selenium\selenium-ie-driver\3.141.59\selenium-ie-driver-3.141.59.jar;C:\Users\PRAWIN\.m2\repository\org\seleniumhq\selenium\selenium-opera-driver\3.141.59\selenium-opera-driver-3.141.59.jar;C:\Users\PRAWIN\.m2\repository\org\seleniumhq\selenium\selenium-remote-driver\3.141.59\selenium-remote-driver-3.141.59.jar;C:\Users\PRAWIN\.m2\repository\org\seleniumhq\selenium\selenium-safari-driver\3.141.59\selenium-safari-driver-3.141.59.jar;C:\Users\PRAWIN\.m2\repository\org\seleniumhq\selenium\selenium-support\3.141.59\selenium-support-3.141.59.jar;C:\Users\PRAWIN\.m2\repository\net\bytebuddy\byte-buddy\1.8.15\byte-buddy-1.8.15.jar;C:\Users\PRAWIN\.m2\repository\org\apache\commons\commons-exec\1.3\commons-exec-1.3.jar;C:\Users\PRAWIN\.m2\repository\com\squareup\okhttp3\okhttp\3.11.0\okhttp-3.11.0.jar;C:\Users\PRAWIN\.m2\repository\com\squareup\okio\okio\1.14.0\okio-1.14.0.jar;C:\Users\PRAWIN\.m2\repository\org\testng\testng\6.14.3\testng-6.14.3.jar;C:\Users\PRAWIN\.m2\repository\com\beust\jcommander\1.72\jcommander-1.72.jar;C:\Users\PRAWIN\.m2\repository\org\apache-extras\beanshell\bsh\2.0b6\bsh-2.0b6.jar;C:\Users\PRAWIN\.m2\repository\commons-io\commons-io\1.3.2\commons-io-1.3.2.jar;C:\Users\PRAWIN\.m2\repository\com\google\guava\guava\23.0\guava-23.0.jar;C:\Users\PRAWIN\.m2\repository\com\google\code\findbugs\jsr305\1.3.9\jsr305-1.3.9.jar;C:\Users\PRAWIN\.m2\repository\com\google\errorprone\error_prone_annotations\2.0.18\error_prone_annotations-2.0.18.jar;C:\Users\PRAWIN\.m2\repository\com\google\j2objc\j2objc-annotations\1.1\j2objc-annotations-1.1.jar;C:\Users\PRAWIN\.m2\repository\org\codehaus\mojo\animal-sniffer-annotations\1.14\animal-sniffer-annotations-1.14.jar;C:\Users\PRAWIN\.m2\repository\io\qameta\allure\allure-testng\2.10.0\allure-testng-2.10.0.jar;C:\Users\PRAWIN\.m2\repository\io\qameta\allure\allure-java-commons\2.10.0\allure-java-commons-2.10.0.jar;C:\Users\PRAWIN\.m2\repository\io\qameta\allure\allure-model\2.10.0\allure-model-2.10.0.jar;C:\Users\PRAWIN\.m2\repository\org\slf4j\slf4j-api\1.7.25\slf4j-api-1.7.25.jar;C:\Users\PRAWIN\.m2\repository\com\fasterxml\jackson\core\jackson-databind\2.9.8\jackson-databind-2.9.8.jar;C:\Users\PRAWIN\.m2\repository\com\fasterxml\jackson\core\jackson-annotations\2.9.0\jackson-annotations-2.9.0.jar;C:\Users\PRAWIN\.m2\repository\com\fasterxml\jackson\core\jackson-core\2.9.8\jackson-core-2.9.8.jar;C:\Users\PRAWIN\.m2\repository\org\apache\tika\tika-core\1.20\tika-core-1.20.jar;C:\Users\PRAWIN\.m2\repository\org\jooq\joor-java-8\0.9.10\joor-java-8-0.9.10.jar;D:\Program Files\Java\jdk1.8.0_191\lib\tools.jar;"/>
    <property name="java.vm.vendor" value="Oracle Corporation"/>
    <property name="sun.arch.data.model" value="64"/>
    <property name="user.variant" value=""/>
    <property name="java.vendor.url" value="http://java.oracle.com/"/>
    <property name="user.timezone" value="Asia/Calcutta"/>
    <property name="java.vm.specification.version" value="1.8"/>
    <property name="os.name" value="Windows 10"/>
    <property name="user.country" value="US"/>
    <property name="sun.java.launcher" value="SUN_STANDARD"/>
    <property name="sun.boot.library.path" value="D:\Program Files\Java\jdk1.8.0_191\jre\bin"/>
    <property name="sun.java.command" value="C:\Users\PRAWIN\AppData\Local\Temp\surefire3654656757473410844\surefirebooter888381611018457251.jar C:\Users\PRAWIN\AppData\Local\Temp\surefire3654656757473410844 2020-04-06T22-44-11_517-jvmRun1 surefire8921498539379972136tmp surefire_04791361736640552971tmp"/>
    <property name="surefire.test.class.path" value="D:\myLocalGitRepository\Exercise1\target\test-classes;D:\myLocalGitRepository\Exercise1\target\classes;C:\Users\PRAWIN\.m2\repository\org\seleniumhq\selenium\selenium-java\3.141.59\selenium-java-3.141.59.jar;C:\Users\PRAWIN\.m2\repository\org\seleniumhq\selenium\selenium-api\3.141.59\selenium-api-3.141.59.jar;C:\Users\PRAWIN\.m2\repository\org\seleniumhq\selenium\selenium-chrome-driver\3.141.59\selenium-chrome-driver-3.141.59.jar;C:\Users\PRAWIN\.m2\repository\org\seleniumhq\selenium\selenium-edge-driver\3.141.59\selenium-edge-driver-3.141.59.jar;C:\Users\PRAWIN\.m2\repository\org\seleniumhq\selenium\selenium-firefox-driver\3.141.59\selenium-firefox-driver-3.141.59.jar;C:\Users\PRAWIN\.m2\repository\org\seleniumhq\selenium\selenium-ie-driver\3.141.59\selenium-ie-driver-3.141.59.jar;C:\Users\PRAWIN\.m2\repository\org\seleniumhq\selenium\selenium-opera-driver\3.141.59\selenium-opera-driver-3.141.59.jar;C:\Users\PRAWIN\.m2\repository\org\seleniumhq\selenium\selenium-remote-driver\3.141.59\selenium-remote-driver-3.141.59.jar;C:\Users\PRAWIN\.m2\repository\org\seleniumhq\selenium\selenium-safari-driver\3.141.59\selenium-safari-driver-3.141.59.jar;C:\Users\PRAWIN\.m2\repository\org\seleniumhq\selenium\selenium-support\3.141.59\selenium-support-3.141.59.jar;C:\Users\PRAWIN\.m2\repository\net\bytebuddy\byte-buddy\1.8.15\byte-buddy-1.8.15.jar;C:\Users\PRAWIN\.m2\repository\org\apache\commons\commons-exec\1.3\commons-exec-1.3.jar;C:\Users\PRAWIN\.m2\repository\com\squareup\okhttp3\okhttp\3.11.0\okhttp-3.11.0.jar;C:\Users\PRAWIN\.m2\repository\com\squareup\okio\okio\1.14.0\okio-1.14.0.jar;C:\Users\PRAWIN\.m2\repository\org\testng\testng\6.14.3\testng-6.14.3.jar;C:\Users\PRAWIN\.m2\repository\com\beust\jcommander\1.72\jcommander-1.72.jar;C:\Users\PRAWIN\.m2\repository\org\apache-extras\beanshell\bsh\2.0b6\bsh-2.0b6.jar;C:\Users\PRAWIN\.m2\repository\commons-io\commons-io\1.3.2\commons-io-1.3.2.jar;C:\Users\PRAWIN\.m2\repository\com\google\guava\guava\23.0\guava-23.0.jar;C:\Users\PRAWIN\.m2\repository\com\google\code\findbugs\jsr305\1.3.9\jsr305-1.3.9.jar;C:\Users\PRAWIN\.m2\repository\com\google\errorprone\error_prone_annotations\2.0.18\error_prone_annotations-2.0.18.jar;C:\Users\PRAWIN\.m2\repository\com\google\j2objc\j2objc-annotations\1.1\j2objc-annotations-1.1.jar;C:\Users\PRAWIN\.m2\repository\org\codehaus\mojo\animal-sniffer-annotations\1.14\animal-sniffer-annotations-1.14.jar;C:\Users\PRAWIN\.m2\repository\io\qameta\allure\allure-testng\2.10.0\allure-testng-2.10.0.jar;C:\Users\PRAWIN\.m2\repository\io\qameta\allure\allure-java-commons\2.10.0\allure-java-commons-2.10.0.jar;C:\Users\PRAWIN\.m2\repository\io\qameta\allure\allure-model\2.10.0\allure-model-2.10.0.jar;C:\Users\PRAWIN\.m2\repository\org\slf4j\slf4j-api\1.7.25\slf4j-api-1.7.25.jar;C:\Users\PRAWIN\.m2\repository\com\fasterxml\jackson\core\jackson-databind\2.9.8\jackson-databind-2.9.8.jar;C:\Users\PRAWIN\.m2\repository\com\fasterxml\jackson\core\jackson-annotations\2.9.0\jackson-annotations-2.9.0.jar;C:\Users\PRAWIN\.m2\repository\com\fasterxml\jackson\core\jackson-core\2.9.8\jackson-core-2.9.8.jar;C:\Users\PRAWIN\.m2\repository\org\apache\tika\tika-core\1.20\tika-core-1.20.jar;C:\Users\PRAWIN\.m2\repository\org\jooq\joor-java-8\0.9.10\joor-java-8-0.9.10.jar;D:\Program Files\Java\jdk1.8.0_191\lib\tools.jar;"/>
    <property name="sun.cpu.endian" value="little"/>
    <property name="user.home" value="C:\Users\PRAWIN"/>
    <property name="user.language" value="en"/>
    <property name="java.specification.vendor" value="Oracle Corporation"/>
    <property name="java.home" value="D:\Program Files\Java\jdk1.8.0_191\jre"/>
    <property name="basedir" value="D:\myLocalGitRepository\Exercise1"/>
    <property name="file.separator" value="\"/>
    <property name="line.separator" value="&#10;"/>
    <property name="java.vm.specification.vendor" value="Oracle Corporation"/>
    <property name="java.specification.name" value="Java Platform API Specification"/>
    <property name="java.awt.graphicsenv" value="sun.awt.Win32GraphicsEnvironment"/>
    <property name="surefire.real.class.path" value="C:\Users\PRAWIN\AppData\Local\Temp\surefire3654656757473410844\surefirebooter888381611018457251.jar"/>
    <property name="sun.boot.class.path" value="D:\Program Files\Java\jdk1.8.0_191\jre\lib\resources.jar;D:\Program Files\Java\jdk1.8.0_191\jre\lib\rt.jar;D:\Program Files\Java\jdk1.8.0_191\jre\lib\sunrsasign.jar;D:\Program Files\Java\jdk1.8.0_191\jre\lib\jsse.jar;D:\Program Files\Java\jdk1.8.0_191\jre\lib\jce.jar;D:\Program Files\Java\jdk1.8.0_191\jre\lib\charsets.jar;D:\Program Files\Java\jdk1.8.0_191\jre\lib\jfr.jar;D:\Program Files\Java\jdk1.8.0_191\jre\classes"/>
    <property name="user.script" value=""/>
    <property name="sun.management.compiler" value="HotSpot 64-Bit Tiered Compilers"/>
    <property name="java.runtime.version" value="1.8.0_191-b12"/>
    <property name="user.name" value="PRAWIN"/>
    <property name="path.separator" value=";"/>
    <property name="os.version" value="10.0"/>
    <property name="java.endorsed.dirs" value="D:\Program Files\Java\jdk1.8.0_191\jre\lib\endorsed"/>
    <property name="java.runtime.name" value="Java(TM) SE Runtime Environment"/>
    <property name="file.encoding" value="Cp1252"/>
    <property name="java.vm.name" value="Java HotSpot(TM) 64-Bit Server VM"/>
    <property name="localRepository" value="C:\Users\PRAWIN\.m2\repository"/>
    <property name="java.vendor.url.bug" value="http://bugreport.sun.com/bugreport/"/>
    <property name="java.io.tmpdir" value="C:\Users\PRAWIN\AppData\Local\Temp\"/>
    <property name="java.version" value="1.8.0_191"/>
    <property name="user.dir" value="D:\myLocalGitRepository\Exercise1"/>
    <property name="os.arch" value="amd64"/>
    <property name="java.vm.specification.name" value="Java Virtual Machine Specification"/>
    <property name="java.awt.printerjob" value="sun.awt.windows.WPrinterJob"/>
    <property name="sun.os.patch.level" value=""/>
    <property name="java.library.path" value="D:\Program Files\Java\jdk1.8.0_191\jre\bin;C:\WINDOWS\Sun\Java\bin;C:\WINDOWS\system32;C:\WINDOWS;D:/Program Files/Java/jre1.8.0_191/bin/server;D:/Program Files/Java/jre1.8.0_191/bin;D:/Program Files/Java/jre1.8.0_191/lib/amd64;G:\app\PRAWIN\product\11.2.0\dbhome_3\bin;G:\app\PRAWIN\product\11.2.0\dbhome_1\bin;C:\Program Files (x86)\Common Files\Oracle\Java\javapath;C:\Program Files (x86)\Intel\Intel(R) Management Engine Components\iCLS\;C:\Program Files\Intel\Intel(R) Management Engine Components\iCLS\;C:\Windows\system32;C:\Windows;C:\Windows\System32\Wbem;C:\Windows\System32\WindowsPowerShell\v1.0\;C:\Windows\System32\OpenSSH\;C:\Program Files (x86)\Intel\Intel(R) Management Engine Components\DAL;C:\Program Files\Intel\Intel(R) Management Engine Components\DAL;C:\Program Files (x86)\Intel\Intel(R) Management Engine Components\IPT;C:\Program Files\Intel\Intel(R) Management Engine Components\IPT;C:\Program Files (x86)\NVIDIA Corporation\PhysX\Common;C:\Program Files\NVIDIA Corporation\NVIDIA NvDLISR;D:\Program Files\Java\jdk1.8.0_191;C:\webdrivers;C:\Program Files (x86)\Microsoft SQL Server\Client SDK\ODBC\130\Tools\Binn\;C:\Program Files (x86)\Microsoft SQL Server\140\Tools\Binn\;C:\Program Files (x86)\Microsoft SQL Server\140\DTS\Binn\;C:\Program Files (x86)\Microsoft SQL Server\140\Tools\Binn\ManagementStudio\;C:\Program Files\Microsoft SQL Server\Client SDK\ODBC\130\Tools\Binn\;C:\Program Files (x86)\Microsoft SQL Server\130\Tools\Binn\;C:\Program Files\Microsoft SQL Server\130\Tools\Binn\;C:\Program Files\Microsoft SQL Server\130\DTS\Binn\;D:\Program Files\apache-maven-3.0.5\bin;D:\Program Files\Git\cmd;D:\Program Files\Java\jdk1.8.0_191\bin;D:\Program Files\ffmpeg\bin;C:\WINDOWS\system32;C:\WINDOWS;C:\WINDOWS\System32\Wbem;C:\WINDOWS\System32\WindowsPowerShell\v1.0\;C:\WINDOWS\System32\OpenSSH\;D:\Program Files\apache-maven-3.0.5\bin;D:\Program Files\allure-2.13.2\bin;C:\Users\PRAWIN\AppData\Local\Microsoft\WindowsApps;C:\Users\PRAWIN\AppData\Local\GitHubDesktop\bin;%USERPROFILE%\AppData\Local\Microsoft\WindowsApps;;G:\Softwares\eclipse\jee-2018-09\eclipse;;."/>
    <property name="java.vm.info" value="mixed mode"/>
    <property name="java.vendor" value="Oracle Corporation"/>
    <property name="java.vm.version" value="25.191-b12"/>
    <property name="java.ext.dirs" value="D:\Program Files\Java\jdk1.8.0_191\jre\lib\ext;C:\WINDOWS\Sun\Java\lib\ext"/>
    <property name="sun.io.unicode.encoding" value="UnicodeLittle"/>
    <property name="java.class.version" value="52.0"/>
  </properties>
  <testcase name="loginTest" classname="com.qa.test.Login" time="4.051"/>
</testsuite>